<?xml version="1.0" encoding="UTF-8"?>
<!-- Generated by org.testng.reporters.JUnitXMLReporter -->
<testsuite ignored="0" hostname="DESKTOP-B3RUGJF" failures="0" tests="3" name="Default test" time="0.107" errors="0" timestamp="2023-01-02T10:51:22 IST">
  <testcase classname="Test_NG.GroupsWiseExcute_Testcase" name="test1" time="0.009"/>
  <testcase classname="Test_NG.GroupsWiseExcute_Testcase" name="test2" time="0.003"/>
  <testcase classname="Test_NG.GroupsWiseExcute_Testcase" name="test3" time="0.002"/>
</testsuite> <!-- Default test -->
