<?xml version="1.0" encoding="UTF-8"?>
<!-- Generated by org.testng.reporters.JUnitXMLReporter -->
<testsuite ignored="3" hostname="DESKTOP-B3RUGJF" failures="0" tests="2" name="Test" time="0.089" errors="0" timestamp="2023-01-02T11:00:45 IST">
  <testcase classname="Test_NG.GroupsWiseExcute_Testcase" name="test4" time="0.012"/>
  <testcase classname="Test_NG.GroupsWiseExcute_Testcase" name="test5" time="0.002"/>
  <testcase classname="Test_NG.GroupsWiseExcute_Testcase" name="test3" time="0.0">
    <ignored/>
  </testcase> <!-- test3 -->
  <testcase classname="Test_NG.GroupsWiseExcute_Testcase" name="test2" time="0.0">
    <ignored/>
  </testcase> <!-- test2 -->
  <testcase classname="Test_NG.GroupsWiseExcute_Testcase" name="test1" time="0.0">
    <ignored/>
  </testcase> <!-- test1 -->
</testsuite> <!-- Test -->
