<?xml version="1.0" encoding="UTF-8"?>
<testng-results ignored="3" total="5" passed="2" failed="0" skipped="0">
  <reporter-output>
  </reporter-output>
  <suite started-at="2023-01-02T11:00:45 IST" name="Suite" finished-at="2023-01-02T11:00:45 IST" duration-ms="89">
    <groups>
      <group name="Regression">
        <method signature="GroupsWiseExcute_Testcase.test4()[pri:0, instance:Test_NG.GroupsWiseExcute_Testcase@47987356]" name="test4" class="Test_NG.GroupsWiseExcute_Testcase"/>
        <method signature="GroupsWiseExcute_Testcase.test5()[pri:0, instance:Test_NG.GroupsWiseExcute_Testcase@47987356]" name="test5" class="Test_NG.GroupsWiseExcute_Testcase"/>
      </group> <!-- Regression -->
    </groups>
    <test started-at="2023-01-02T11:00:45 IST" name="Test" finished-at="2023-01-02T11:00:45 IST" duration-ms="89">
      <class name="Test_NG.GroupsWiseExcute_Testcase">
        <test-method signature="test4()[pri:0, instance:Test_NG.GroupsWiseExcute_Testcase@47987356]" started-at="2023-01-02T11:00:45 IST" name="test4" finished-at="2023-01-02T11:00:45 IST" duration-ms="12" status="PASS">
          <reporter-output>
          </reporter-output>
        </test-method> <!-- test4 -->
        <test-method signature="test5()[pri:0, instance:Test_NG.GroupsWiseExcute_Testcase@47987356]" started-at="2023-01-02T11:00:45 IST" name="test5" finished-at="2023-01-02T11:00:45 IST" duration-ms="2" status="PASS">
          <reporter-output>
          </reporter-output>
        </test-method> <!-- test5 -->
      </class> <!-- Test_NG.GroupsWiseExcute_Testcase -->
    </test> <!-- Test -->
  </suite> <!-- Suite -->
</testng-results>
